
> squarft-field-officer@1.0.0 web
> expo start --web --port 8082

Starting project at C:\Users\karti\Work\squarft-field-officer
React Compiler enabled
Starting Metro Bundler
Waiting on http://localhost:8082
Logs for your project will appear below.
Web node_modules\expo-router\entry.js ▓▓░░░░░░░░░░░░░░ 16.0% ( 4/10)
λ node_modules\expo-router\node\render.js ░░░░░░░░░░░░░░░░  5.0% ( 41/203)
Web node_modules\expo-router\entry.js ▓▓▓▓▓░░░░░░░░░░░ 31.6% (17/93)
λ node_modules\expo-router\node\render.js ▓▓▓▓▓▓░░░░░░░░░░ 40.5% (316/506)
Web node_modules\expo-router\entry.js ░░░░░░░░░░░░░░░░  0.0% (0/1)
λ node_modules\expo-router\node\render.js ░░░░░░░░░░░░░░░░  0.0% (0/1)
Web node_modules\expo-router\entry.js ▓▓▓▓▓░░░░░░░░░░░ 31.6% (105/284)
λ node_modules\expo-router\node\render.js ▓▓▓▓▓▓▓▓▓░░░░░░░ 59.6% (546/733)
Web node_modules\expo-router\entry.js ░░░░░░░░░░░░░░░░  0.0% (0/1)
λ node_modules\expo-router\node\render.js ░░░░░░░░░░░░░░░░  0.0% (0/1)
Web node_modules\expo-router\entry.js ▓▓▓▓▓▓░░░░░░░░░░ 39.9% (255/405)
λ node_modules\expo-router\node\render.js ▓▓▓▓▓▓▓▓▓▓░░░░░░ 63.3% (619/778)
Web node_modules\expo-router\entry.js ░░░░░░░░░░░░░░░░  0.0% (0/1)
λ node_modules\expo-router\node\render.js ░░░░░░░░░░░░░░░░  0.0% (0/1)
Web node_modules\expo-router\entry.js ▓▓▓▓▓▓░░░░░░░░░░ 41.0% (356/616)
λ node_modules\expo-router\node\render.js ▓▓▓▓▓▓▓▓▓▓░░░░░░ 66.4% (763/937)
Web node_modules\expo-router\entry.js ░░░░░░░░░░░░░░░░  0.0% (0/1)
λ node_modules\expo-router\node\render.js ░░░░░░░░░░░░░░░░  0.0% (0/1)
Web node_modules\expo-router\entry.js ▓▓▓▓▓▓▓░░░░░░░░░ 43.9% (477/720)
λ node_modules\expo-router\node\render.js ▓▓▓▓▓▓▓▓▓▓▓▓░░░░ 77.9% ( 919/1061)
Web node_modules\expo-router\entry.js ░░░░░░░░░░░░░░░░  0.0% (0/1)
λ node_modules\expo-router\node\render.js ░░░░░░░░░░░░░░░░  0.0% (0/1)
Web node_modules\expo-router\entry.js ▓▓▓▓▓▓▓▓▓░░░░░░░ 57.2% (657/869)
λ node_modules\expo-router\node\render.js ▓▓▓▓▓▓▓▓▓▓▓▓░░░░ 77.9% ( 942/1084)
Web node_modules\expo-router\entry.js ░░░░░░░░░░░░░░░░  0.0% (0/1)
λ node_modules\expo-router\node\render.js ░░░░░░░░░░░░░░░░  0.0% (0/1)
Web node_modules\expo-router\entry.js ▓▓▓▓▓▓▓▓▓▓▓▓░░░░ 75.9% (848/983)
λ node_modules\expo-router\node\render.js ▓▓▓▓▓▓▓▓▓▓▓▓░░░░ 78.7% (1084/1243)
Web node_modules\expo-router\entry.js ░░░░░░░░░░░░░░░░  0.0% (0/1)
λ node_modules\expo-router\node\render.js ░░░░░░░░░░░░░░░░  0.0% (0/1)
Web node_modules\expo-router\entry.js ▓▓▓▓▓▓▓▓▓▓▓▓░░░░ 76.0% ( 986/1144)
λ node_modules\expo-router\node\render.js ▓▓▓▓▓▓▓▓▓▓▓▓▓░░░ 81.9% (1258/1402)
Web node_modules\expo-router\entry.js ░░░░░░░░░░░░░░░░  0.0% (0/1)
λ node_modules\expo-router\node\render.js ░░░░░░░░░░░░░░░░  0.0% (0/1)
Web node_modules\expo-router\entry.js ▓▓▓▓▓▓▓▓▓▓▓▓▓░░░ 82.5% (1206/1328)
λ node_modules\expo-router\node\render.js ▓▓▓▓▓▓▓▓▓▓▓▓▓▓░░ 92.9% (1457/1512)
Web node_modules\expo-router\entry.js ░░░░░░░░░░░░░░░░  0.0% (0/1)
λ node_modules\expo-router\node\render.js ░░░░░░░░░░░░░░░░  0.0% (0/1)
Web node_modules\expo-router\entry.js ░░░░░░░░░░░░░░░░  0.0% (0/1)
λ node_modules\expo-router\node\render.js ░░░░░░░░░░░░░░░░  0.0% (0/1)
λ Bundled 38140ms node_modules\expo-router\node\render.js (1651 modules)
Web node_modules\expo-router\entry.js ▓▓▓▓▓▓▓▓▓▓▓▓▓▓▓░ 98.5% (1555/1567)
λ node_modules\expo-router\node\render.js ▓▓▓▓▓▓▓▓▓▓▓▓▓▓▓░ 97.6% (1631/1651)
Web node_modules\expo-router\entry.js ░░░░░░░░░░░░░░░░  0.0% (0/1)
λ node_modules\expo-router\node\render.js ░░░░░░░░░░░░░░░░  0.0% (0/1)
Web node_modules\expo-router\entry.js ░░░░░░░░░░░░░░░░  0.0% (0/1)
λ node_modules\expo-router\node\render.js ░░░░░░░░░░░░░░░░  0.0% (0/1)
λ Bundled 34647ms node_modules\expo-router\node\render.js (1 module)
λ Bundled 6564ms node_modules\expo-router\node\render.js (1 module)
🔧 [API CONFIG] Base URL: undefined
Web node_modules\expo-router\entry.js ▓▓▓▓▓▓▓▓▓▓▓▓▓▓▓░ 99.9% (1576/1576)
Web node_modules\expo-router\entry.js ░░░░░░░░░░░░░░░░  0.0% (0/1)
Web node_modules\expo-router\entry.js ░░░░░░░░░░░░░░░░  0.0% (0/1)
🔧 [API CONFIG] Base URL: undefined
Web node_modules\expo-router\entry.js ▓▓▓▓▓▓▓▓▓▓▓▓▓▓▓░ 99.9% (1576/1576)
Web node_modules\expo-router\entry.js ░░░░░░░░░░░░░░░░  0.0% (0/1)
Web node_modules\expo-router\entry.js ░░░░░░░░░░░░░░░░  0.0% (0/1)
🔧 [API CONFIG] Base URL: undefined
Web node_modules\expo-router\entry.js ▓▓▓▓▓▓▓▓▓▓▓▓▓▓▓░ 99.9% (1576/1576)
Web node_modules\expo-router\entry.js ░░░░░░░░░░░░░░░░  0.0% (0/1)
Web node_modules\expo-router\entry.js ░░░░░░░░░░░░░░░░  0.0% (0/1)
Web Bundled 43316ms node_modules\expo-router\entry.js (1576 modules)
Web Bundled 39744ms node_modules\expo-router\entry.js (1 module)
Web Bundled 11636ms node_modules\expo-router\entry.js (1 module)
Web node_modules\expo-router\entry.js ░░░░░░░░░░░░░░░░  0.0% (0/1)
λ Bundled 70ms node_modules\expo-router\node\render.js (1 module)
🔧 [API CONFIG] Base URL: undefined
Web node_modules\expo-router\entry.js ░░░░░░░░░░░░░░░░  0.0% (0/1)
Web Bundled 744ms node_modules\expo-router\entry.js (1 module)
Web node_modules\expo-router\entry.js ░░░░░░░░░░░░░░░░  0.0% (0/1)
λ Bundled 404ms node_modules\expo-router\node\render.js (1 module)
🔧 [API CONFIG] Base URL: undefined
Web node_modules\expo-router\entry.js ░░░░░░░░░░░░░░░░  0.0% (0/1)
Web Bundled 3022ms node_modules\expo-router\entry.js (1 module)
Web node_modules\expo-router\entry.js ░░░░░░░░░░░░░░░░  0.0% (0/1)
λ Bundled 221ms node_modules\expo-router\node\render.js (1 module)
🔧 [API CONFIG] Base URL: undefined
Web node_modules\expo-router\entry.js ░░░░░░░░░░░░░░░░  0.0% (0/1)
Web Bundled 1456ms node_modules\expo-router\entry.js (1 module)
